<?xml version="1.0" encoding="UTF-8"?>
<testsuite name="AverageTests" tests="1" skipped="0" failures="0" errors="0" timestamp="2023-09-26T12:34:35" hostname="DESKTOP-FTDF1V5" time="0.004">
  <properties/>
  <testcase name="testSolution" classname="AverageTests" time="0.004"/>
  <system-out><![CDATA[]]></system-out>
  <system-err><![CDATA[]]></system-err>
</testsuite>
