<?xml version="1.0" encoding="UTF-8"?>
<testsuite name="SheepTests" tests="1" skipped="0" failures="0" errors="0" timestamp="2023-09-24T08:03:44" hostname="DESKTOP-FTDF1V5" time="0.002">
  <properties/>
  <testcase name="testSolution" classname="SheepTests" time="0.002"/>
  <system-out><![CDATA[]]></system-out>
  <system-err><![CDATA[]]></system-err>
</testsuite>
